{"level":"error","message":"Cast to ObjectId failed for value \"enquiries\" (type string) at path \"_id\" for model \"Booking\" — GET /api/bookings/enquiries","timestamp":"2026-04-13 22:22:52"}
{"level":"error","message":"Cast to ObjectId failed for value \"enquiries\" (type string) at path \"_id\" for model \"Booking\" — GET /api/bookings/enquiries","timestamp":"2026-04-13 22:22:52"}
{"level":"error","message":"Cast to ObjectId failed for value \"enquiries\" (type string) at path \"_id\" for model \"Booking\" — GET /api/bookings/enquiries","timestamp":"2026-04-13 22:23:40"}
{"level":"error","message":"Cast to ObjectId failed for value \"enquiries\" (type string) at path \"_id\" for model \"Booking\" — GET /api/bookings/enquiries","timestamp":"2026-04-13 22:23:41"}
{"level":"error","message":"Cast to ObjectId failed for value \"enquiries\" (type string) at path \"_id\" for model \"Booking\" — GET /api/bookings/enquiries","timestamp":"2026-04-13 22:24:47"}
{"level":"error","message":"Redis error: read ECONNRESET","timestamp":"2026-04-13 22:41:22"}
{"level":"error","message":"Redis error: read ECONNRESET","timestamp":"2026-04-14 12:57:25"}
{"level":"error","message":"Cast to ObjectId failed for value \"enquiries\" (type string) at path \"_id\" for model \"Booking\" — GET /api/bookings/enquiries","timestamp":"2026-04-14 13:10:45"}
{"level":"error","message":"Cast to ObjectId failed for value \"enquiries\" (type string) at path \"_id\" for model \"Booking\" — GET /api/bookings/enquiries","timestamp":"2026-04-14 13:10:45"}
{"level":"error","message":"Redis error: read ECONNRESET","timestamp":"2026-04-14 13:30:22"}
{"level":"error","message":"Redis error: read ECONNRESET","timestamp":"2026-04-14 18:05:32"}
{"level":"error","message":"Unexpected field — POST /api/auth/registration/submit","timestamp":"2026-04-14 18:29:31"}
{"level":"error","message":"Unexpected field — POST /api/auth/registration/submit","timestamp":"2026-04-14 18:30:32"}
{"level":"error","message":"Unexpected field — POST /api/auth/registration/submit","timestamp":"2026-04-14 18:34:09"}
{"level":"error","message":"Unexpected field — POST /api/auth/registration/submit","timestamp":"2026-04-14 18:39:57"}
{"level":"error","message":"Redis error: read ECONNRESET","timestamp":"2026-04-14 18:55:13"}
{"level":"error","message":"Redis error: read ECONNRESET","timestamp":"2026-04-14 19:32:03"}
{"level":"error","message":"Redis error: read ECONNRESET","timestamp":"2026-04-14 21:34:32"}
{"level":"error","message":"Redis error: read ECONNRESET","timestamp":"2026-04-14 21:39:08"}
{"level":"error","message":"Redis error: read ECONNRESET","timestamp":"2026-04-14 23:45:06"}
{"level":"error","message":"Redis error: read ECONNRESET","timestamp":"2026-04-15 20:00:59"}
{"level":"error","message":"Redis error: Connection timeout","timestamp":"2026-04-15 20:01:04"}
{"level":"error","message":"Redis error: read ECONNRESET","timestamp":"2026-04-15 21:33:33"}
{"level":"error","message":"Unexpected field — POST /api/auth/registration/submit","timestamp":"2026-04-15 21:56:46"}
{"level":"error","message":"Redis error: read ECONNRESET","timestamp":"2026-04-15 23:02:42"}
{"level":"error","message":"Redis error: read ECONNRESET","timestamp":"2026-04-18 11:07:29"}
{"level":"error","message":"Redis error: getaddrinfo ENOTFOUND redis-11643.c261.us-east-1-4.ec2.cloud.redislabs.com","timestamp":"2026-04-18 11:07:30"}
{"level":"error","message":"Redis error: getaddrinfo ENOTFOUND redis-11643.c261.us-east-1-4.ec2.cloud.redislabs.com","timestamp":"2026-04-18 11:07:30"}
{"level":"error","message":"Redis error: getaddrinfo ENOTFOUND redis-11643.c261.us-east-1-4.ec2.cloud.redislabs.com","timestamp":"2026-04-18 11:07:30"}
{"level":"error","message":"Redis error: getaddrinfo ENOTFOUND redis-11643.c261.us-east-1-4.ec2.cloud.redislabs.com","timestamp":"2026-04-18 11:07:31"}
{"level":"error","message":"Redis error: getaddrinfo ENOTFOUND redis-11643.c261.us-east-1-4.ec2.cloud.redislabs.com","timestamp":"2026-04-18 11:07:31"}
{"level":"error","message":"Redis error: getaddrinfo ENOTFOUND redis-11643.c261.us-east-1-4.ec2.cloud.redislabs.com","timestamp":"2026-04-18 11:07:31"}
{"level":"error","message":"Redis error: getaddrinfo ENOTFOUND redis-11643.c261.us-east-1-4.ec2.cloud.redislabs.com","timestamp":"2026-04-18 11:07:32"}
{"level":"error","message":"Redis error: getaddrinfo ENOTFOUND redis-11643.c261.us-east-1-4.ec2.cloud.redislabs.com","timestamp":"2026-04-18 11:07:33"}
{"level":"error","message":"Redis error: getaddrinfo ENOTFOUND redis-11643.c261.us-east-1-4.ec2.cloud.redislabs.com","timestamp":"2026-04-18 11:07:33"}
{"level":"error","message":"Redis error: getaddrinfo ENOTFOUND redis-11643.c261.us-east-1-4.ec2.cloud.redislabs.com","timestamp":"2026-04-18 11:07:34"}
{"level":"error","message":"Redis error: getaddrinfo ENOTFOUND redis-11643.c261.us-east-1-4.ec2.cloud.redislabs.com","timestamp":"2026-04-18 11:07:34"}
{"level":"error","message":"Redis error: Connection timeout","timestamp":"2026-04-18 11:07:40"}
{"level":"error","message":"User validation failed: registrationDocuments.0.type: Path `type` is required. — POST /api/auth/registration/submit","timestamp":"2026-04-18 11:31:06"}
{"level":"error","message":"Cast to ObjectId failed for value \"enquiries\" (type string) at path \"_id\" for model \"Booking\" — GET /api/bookings/enquiries","timestamp":"2026-04-18 11:34:30"}
{"level":"error","message":"Cast to ObjectId failed for value \"enquiries\" (type string) at path \"_id\" for model \"Booking\" — GET /api/bookings/enquiries","timestamp":"2026-04-18 11:34:31"}
{"level":"error","message":"Redis error: read ECONNRESET","timestamp":"2026-04-18 12:48:09"}
{"level":"error","message":"Redis error: read ECONNRESET","timestamp":"2026-04-18 13:06:11"}
{"level":"error","message":"Redis error: read ECONNRESET","timestamp":"2026-04-18 21:04:37"}
{"level":"error","message":"Redis error: read ECONNRESET","timestamp":"2026-04-18 21:20:24"}
{"level":"error","message":"Redis error: read ECONNRESET","timestamp":"2026-04-18 21:59:19"}
{"level":"error","message":"Redis error: read ECONNRESET","timestamp":"2026-04-18 23:23:26"}
{"level":"error","message":"Redis error: read ECONNRESET","timestamp":"2026-04-20 21:17:40"}
{"level":"error","message":"Redis error: getaddrinfo ENOTFOUND redis-11643.c261.us-east-1-4.ec2.cloud.redislabs.com","timestamp":"2026-04-20 21:17:41"}
{"level":"error","message":"Redis error: getaddrinfo ENOTFOUND redis-11643.c261.us-east-1-4.ec2.cloud.redislabs.com","timestamp":"2026-04-20 21:17:41"}
{"level":"error","message":"Redis error: getaddrinfo ENOTFOUND redis-11643.c261.us-east-1-4.ec2.cloud.redislabs.com","timestamp":"2026-04-20 21:17:42"}
{"level":"error","message":"Redis error: getaddrinfo ENOTFOUND redis-11643.c261.us-east-1-4.ec2.cloud.redislabs.com","timestamp":"2026-04-20 21:17:42"}
{"level":"error","message":"Redis error: getaddrinfo ENOTFOUND redis-11643.c261.us-east-1-4.ec2.cloud.redislabs.com","timestamp":"2026-04-20 21:17:42"}
{"level":"error","message":"Redis error: getaddrinfo ENOTFOUND redis-11643.c261.us-east-1-4.ec2.cloud.redislabs.com","timestamp":"2026-04-20 21:17:43"}
{"level":"error","message":"Redis error: getaddrinfo ENOTFOUND redis-11643.c261.us-east-1-4.ec2.cloud.redislabs.com","timestamp":"2026-04-20 21:17:43"}
{"level":"error","message":"Redis error: getaddrinfo ENOTFOUND redis-11643.c261.us-east-1-4.ec2.cloud.redislabs.com","timestamp":"2026-04-20 21:17:45"}
{"level":"error","message":"Redis error: getaddrinfo ENOTFOUND redis-11643.c261.us-east-1-4.ec2.cloud.redislabs.com","timestamp":"2026-04-20 21:17:45"}
{"level":"error","message":"Redis error: getaddrinfo ENOTFOUND redis-11643.c261.us-east-1-4.ec2.cloud.redislabs.com","timestamp":"2026-04-20 21:17:46"}
{"level":"error","message":"Redis error: getaddrinfo ENOTFOUND redis-11643.c261.us-east-1-4.ec2.cloud.redislabs.com","timestamp":"2026-04-20 21:17:46"}
{"level":"error","message":"Redis error: Connection timeout","timestamp":"2026-04-20 21:17:52"}
{"level":"error","message":"Cast to ObjectId failed for value \"enquiries\" (type string) at path \"_id\" for model \"Booking\" — GET /api/bookings/enquiries","timestamp":"2026-04-20 21:34:40"}
{"level":"error","message":"Cast to ObjectId failed for value \"enquiries\" (type string) at path \"_id\" for model \"Booking\" — GET /api/bookings/enquiries","timestamp":"2026-04-20 21:34:40"}
{"level":"error","message":"Redis error: read ECONNRESET","timestamp":"2026-04-20 22:29:17"}
{"level":"error","message":"Redis error: read ECONNRESET","timestamp":"2026-04-21 21:13:36"}
{"level":"error","message":"Redis error: read ECONNRESET","timestamp":"2026-04-21 22:24:32"}
{"level":"error","message":"Redis error: read ECONNRESET","timestamp":"2026-04-21 22:29:12"}
{"level":"error","message":"Redis error: read ECONNRESET","timestamp":"2026-04-21 23:06:16"}
{"level":"error","message":"Redis error: getaddrinfo ENOTFOUND redis-11643.c261.us-east-1-4.ec2.cloud.redislabs.com","timestamp":"2026-04-21 23:06:17"}
{"level":"error","message":"Redis error: read ECONNRESET","timestamp":"2026-04-22 21:10:02"}
{"level":"error","message":"Redis error: read ECONNRESET","timestamp":"2026-04-22 22:31:32"}
{"level":"error","message":"Redis error: read ECONNRESET","timestamp":"2026-04-22 23:03:06"}
{"level":"error","message":"Redis error: read ECONNRESET","timestamp":"2026-04-22 23:13:09"}
{"level":"error","message":"Redis error: read ECONNRESET","timestamp":"2026-04-22 23:31:27"}
{"level":"error","message":"Redis error: read ECONNRESET","timestamp":"2026-04-22 23:48:40"}
{"level":"error","message":"Redis error: read ECONNRESET","timestamp":"2026-04-23 00:25:23"}
{"level":"error","message":"Redis error: read ECONNRESET","timestamp":"2026-04-24 21:32:42"}
{"level":"error","message":"Redis error: getaddrinfo ENOTFOUND redis-11643.c261.us-east-1-4.ec2.cloud.redislabs.com","timestamp":"2026-04-24 21:32:43"}
{"level":"error","message":"Redis error: getaddrinfo ENOTFOUND redis-11643.c261.us-east-1-4.ec2.cloud.redislabs.com","timestamp":"2026-04-24 21:32:43"}
{"level":"error","message":"Redis error: getaddrinfo ENOTFOUND redis-11643.c261.us-east-1-4.ec2.cloud.redislabs.com","timestamp":"2026-04-24 21:32:43"}
{"level":"error","message":"Redis error: Connection timeout","timestamp":"2026-04-24 21:32:49"}
{"level":"error","message":"Redis error: read ECONNRESET","timestamp":"2026-04-24 22:15:45"}
{"level":"error","message":"Redis error: read ECONNRESET","timestamp":"2026-04-24 23:17:54"}
{"level":"error","message":"Redis error: read ECONNRESET","timestamp":"2026-04-25 07:52:24"}
{"level":"error","message":"Redis error: read ECONNRESET","timestamp":"2026-04-25 08:09:15"}
{"level":"error","message":"Redis error: read ECONNRESET","timestamp":"2026-04-25 20:36:21"}
{"level":"error","message":"Redis error: read ECONNRESET","timestamp":"2026-04-25 20:41:59"}
{"level":"error","message":"Redis error: read ECONNRESET","timestamp":"2026-04-25 21:09:21"}
{"level":"error","message":"Redis error: read ECONNRESET","timestamp":"2026-04-25 22:01:13"}
{"level":"error","message":"Redis error: read ECONNRESET","timestamp":"2026-04-25 23:57:34"}
{"level":"error","message":"Redis error: read ECONNRESET","timestamp":"2026-04-26 11:31:41"}
{"level":"error","message":"Redis error: Connection timeout","timestamp":"2026-04-26 11:31:46"}
{"level":"error","message":"Redis error: read ECONNRESET","timestamp":"2026-04-26 12:02:45"}
{"level":"error","message":"Redis error: read ECONNRESET","timestamp":"2026-04-26 13:11:22"}
{"level":"error","message":"Redis error: getaddrinfo ENOTFOUND redis-11643.c261.us-east-1-4.ec2.cloud.redislabs.com","timestamp":"2026-04-26 13:11:22"}
{"level":"error","message":"Redis error: getaddrinfo ENOTFOUND redis-11643.c261.us-east-1-4.ec2.cloud.redislabs.com","timestamp":"2026-04-26 13:11:22"}
{"level":"error","message":"Redis error: getaddrinfo ENOTFOUND redis-11643.c261.us-east-1-4.ec2.cloud.redislabs.com","timestamp":"2026-04-26 13:11:22"}
{"level":"error","message":"Redis error: getaddrinfo ENOTFOUND redis-11643.c261.us-east-1-4.ec2.cloud.redislabs.com","timestamp":"2026-04-26 13:11:22"}
{"level":"error","message":"Redis error: getaddrinfo ENOTFOUND redis-11643.c261.us-east-1-4.ec2.cloud.redislabs.com","timestamp":"2026-04-26 13:11:22"}
{"level":"error","message":"Redis error: getaddrinfo ENOTFOUND redis-11643.c261.us-east-1-4.ec2.cloud.redislabs.com","timestamp":"2026-04-26 13:11:23"}
{"level":"error","message":"Redis error: getaddrinfo ENOTFOUND redis-11643.c261.us-east-1-4.ec2.cloud.redislabs.com","timestamp":"2026-04-26 13:11:23"}
{"level":"error","message":"Redis error: getaddrinfo ENOTFOUND redis-11643.c261.us-east-1-4.ec2.cloud.redislabs.com","timestamp":"2026-04-26 18:46:17"}
{"level":"error","message":"Redis error: getaddrinfo ENOTFOUND redis-11643.c261.us-east-1-4.ec2.cloud.redislabs.com","timestamp":"2026-04-26 18:46:19"}
{"level":"error","message":"Redis error: getaddrinfo ENOTFOUND redis-11643.c261.us-east-1-4.ec2.cloud.redislabs.com","timestamp":"2026-04-26 18:46:20"}
{"level":"error","message":"Redis error: getaddrinfo ENOTFOUND redis-11643.c261.us-east-1-4.ec2.cloud.redislabs.com","timestamp":"2026-04-26 18:46:20"}
{"level":"error","message":"Redis error: read ECONNRESET","timestamp":"2026-04-26 18:46:32"}
{"level":"error","message":"Redis error: read ECONNRESET","timestamp":"2026-04-26 18:46:59"}
{"level":"error","message":"Redis error: getaddrinfo ENOTFOUND redis-11643.c261.us-east-1-4.ec2.cloud.redislabs.com","timestamp":"2026-04-26 18:46:59"}
{"level":"error","message":"Redis error: getaddrinfo ENOTFOUND redis-11643.c261.us-east-1-4.ec2.cloud.redislabs.com","timestamp":"2026-04-26 18:46:59"}
{"level":"error","message":"Redis error: getaddrinfo ENOTFOUND redis-11643.c261.us-east-1-4.ec2.cloud.redislabs.com","timestamp":"2026-04-26 18:47:00"}
{"level":"error","message":"Redis error: getaddrinfo ENOTFOUND redis-11643.c261.us-east-1-4.ec2.cloud.redislabs.com","timestamp":"2026-04-26 18:47:00"}
{"level":"error","message":"Redis error: getaddrinfo ENOTFOUND redis-11643.c261.us-east-1-4.ec2.cloud.redislabs.com","timestamp":"2026-04-26 18:47:00"}
{"level":"error","message":"Redis error: getaddrinfo ENOTFOUND redis-11643.c261.us-east-1-4.ec2.cloud.redislabs.com","timestamp":"2026-04-26 18:47:00"}
{"level":"error","message":"Redis error: getaddrinfo ENOTFOUND redis-11643.c261.us-east-1-4.ec2.cloud.redislabs.com","timestamp":"2026-04-26 18:47:00"}
{"level":"error","message":"Redis error: getaddrinfo ENOTFOUND redis-11643.c261.us-east-1-4.ec2.cloud.redislabs.com","timestamp":"2026-04-26 18:47:01"}
{"level":"error","message":"Redis error: getaddrinfo ENOTFOUND redis-11643.c261.us-east-1-4.ec2.cloud.redislabs.com","timestamp":"2026-04-26 18:47:01"}
{"level":"error","message":"Redis error: getaddrinfo ENOTFOUND redis-11643.c261.us-east-1-4.ec2.cloud.redislabs.com","timestamp":"2026-04-26 18:47:02"}
{"level":"error","message":"Redis error: getaddrinfo ENOTFOUND redis-11643.c261.us-east-1-4.ec2.cloud.redislabs.com","timestamp":"2026-04-26 18:47:02"}
{"level":"error","message":"Redis error: getaddrinfo ENOTFOUND redis-11643.c261.us-east-1-4.ec2.cloud.redislabs.com","timestamp":"2026-04-26 18:47:03"}
{"level":"error","message":"Redis error: getaddrinfo ENOTFOUND redis-11643.c261.us-east-1-4.ec2.cloud.redislabs.com","timestamp":"2026-04-26 18:47:03"}
{"level":"error","message":"Redis error: getaddrinfo ENOTFOUND redis-11643.c261.us-east-1-4.ec2.cloud.redislabs.com","timestamp":"2026-04-26 18:47:04"}
{"level":"error","message":"Redis error: getaddrinfo ENOTFOUND redis-11643.c261.us-east-1-4.ec2.cloud.redislabs.com","timestamp":"2026-04-26 18:47:04"}
{"level":"error","message":"Redis error: getaddrinfo ENOTFOUND redis-11643.c261.us-east-1-4.ec2.cloud.redislabs.com","timestamp":"2026-04-26 18:47:05"}
{"level":"error","message":"Redis error: getaddrinfo ENOTFOUND redis-11643.c261.us-east-1-4.ec2.cloud.redislabs.com","timestamp":"2026-04-26 18:47:05"}
{"level":"error","message":"Redis error: getaddrinfo ENOTFOUND redis-11643.c261.us-east-1-4.ec2.cloud.redislabs.com","timestamp":"2026-04-26 18:47:06"}
{"level":"error","message":"Redis error: getaddrinfo ENOTFOUND redis-11643.c261.us-east-1-4.ec2.cloud.redislabs.com","timestamp":"2026-04-26 18:47:06"}
{"level":"error","message":"Redis error: getaddrinfo ENOTFOUND redis-11643.c261.us-east-1-4.ec2.cloud.redislabs.com","timestamp":"2026-04-26 18:47:07"}
{"level":"error","message":"Redis error: getaddrinfo ENOTFOUND redis-11643.c261.us-east-1-4.ec2.cloud.redislabs.com","timestamp":"2026-04-26 18:47:07"}
{"level":"error","message":"Redis error: getaddrinfo ENOTFOUND redis-11643.c261.us-east-1-4.ec2.cloud.redislabs.com","timestamp":"2026-04-26 18:47:08"}
{"level":"error","message":"Redis error: getaddrinfo ENOTFOUND redis-11643.c261.us-east-1-4.ec2.cloud.redislabs.com","timestamp":"2026-04-26 18:47:08"}
{"level":"error","message":"Redis error: getaddrinfo ENOTFOUND redis-11643.c261.us-east-1-4.ec2.cloud.redislabs.com","timestamp":"2026-04-26 18:47:09"}
{"level":"error","message":"Redis error: getaddrinfo ENOTFOUND redis-11643.c261.us-east-1-4.ec2.cloud.redislabs.com","timestamp":"2026-04-26 18:47:09"}
{"level":"error","message":"Redis error: getaddrinfo ENOTFOUND redis-11643.c261.us-east-1-4.ec2.cloud.redislabs.com","timestamp":"2026-04-26 18:47:10"}
{"level":"error","message":"Redis error: getaddrinfo ENOTFOUND redis-11643.c261.us-east-1-4.ec2.cloud.redislabs.com","timestamp":"2026-04-26 18:47:10"}
{"level":"error","message":"Redis error: getaddrinfo ENOTFOUND redis-11643.c261.us-east-1-4.ec2.cloud.redislabs.com","timestamp":"2026-04-26 18:47:11"}
{"level":"error","message":"Redis error: getaddrinfo ENOTFOUND redis-11643.c261.us-east-1-4.ec2.cloud.redislabs.com","timestamp":"2026-04-26 18:47:11"}
{"level":"error","message":"Redis error: getaddrinfo ENOTFOUND redis-11643.c261.us-east-1-4.ec2.cloud.redislabs.com","timestamp":"2026-04-26 18:47:12"}
{"level":"error","message":"Redis error: getaddrinfo ENOTFOUND redis-11643.c261.us-east-1-4.ec2.cloud.redislabs.com","timestamp":"2026-04-26 18:47:12"}
{"level":"error","message":"Redis error: getaddrinfo ENOTFOUND redis-11643.c261.us-east-1-4.ec2.cloud.redislabs.com","timestamp":"2026-04-26 18:47:13"}
{"level":"error","message":"Redis error: getaddrinfo ENOTFOUND redis-11643.c261.us-east-1-4.ec2.cloud.redislabs.com","timestamp":"2026-04-26 18:47:14"}
{"level":"error","message":"Redis error: getaddrinfo ENOTFOUND redis-11643.c261.us-east-1-4.ec2.cloud.redislabs.com","timestamp":"2026-04-26 18:47:14"}
{"level":"error","message":"Redis error: getaddrinfo ENOTFOUND redis-11643.c261.us-east-1-4.ec2.cloud.redislabs.com","timestamp":"2026-04-26 18:47:15"}
{"level":"error","message":"Redis error: getaddrinfo ENOTFOUND redis-11643.c261.us-east-1-4.ec2.cloud.redislabs.com","timestamp":"2026-04-26 18:47:15"}
{"level":"error","message":"Redis error: getaddrinfo ENOTFOUND redis-11643.c261.us-east-1-4.ec2.cloud.redislabs.com","timestamp":"2026-04-26 18:47:16"}
{"level":"error","message":"Redis error: getaddrinfo ENOTFOUND redis-11643.c261.us-east-1-4.ec2.cloud.redislabs.com","timestamp":"2026-04-26 18:47:17"}
{"level":"error","message":"Redis error: getaddrinfo ENOTFOUND redis-11643.c261.us-east-1-4.ec2.cloud.redislabs.com","timestamp":"2026-04-26 18:47:18"}
{"level":"error","message":"Redis error: getaddrinfo ENOTFOUND redis-11643.c261.us-east-1-4.ec2.cloud.redislabs.com","timestamp":"2026-04-26 18:47:18"}
{"level":"error","message":"Redis error: getaddrinfo ENOTFOUND redis-11643.c261.us-east-1-4.ec2.cloud.redislabs.com","timestamp":"2026-04-26 18:47:19"}
{"level":"error","message":"Redis error: getaddrinfo ENOTFOUND redis-11643.c261.us-east-1-4.ec2.cloud.redislabs.com","timestamp":"2026-04-26 18:47:19"}
{"level":"error","message":"Redis error: read ECONNRESET","timestamp":"2026-04-26 19:42:29"}
{"level":"error","message":"Redis error: read ECONNRESET","timestamp":"2026-04-26 21:48:15"}
{"level":"error","message":"Redis error: read ECONNRESET","timestamp":"2026-04-26 22:04:39"}
{"level":"error","message":"Redis error: read ECONNRESET","timestamp":"2026-04-27 21:12:02"}
{"level":"error","message":"Redis error: read ECONNRESET","timestamp":"2026-04-27 22:55:06"}
{"level":"error","message":"Redis error: read ECONNRESET","timestamp":"2026-04-27 23:19:29"}
{"level":"error","message":"Redis error: read ECONNRESET","timestamp":"2026-04-28 21:04:21"}
{"level":"error","message":"Redis error: Connection timeout","timestamp":"2026-04-28 21:04:26"}
{"level":"error","message":"Redis error: read ECONNRESET","timestamp":"2026-04-28 22:58:08"}
{"level":"error","message":"Redis error: read ECONNRESET","timestamp":"2026-04-29 16:26:48"}
{"level":"error","message":"Redis error: read ECONNRESET","timestamp":"2026-04-29 17:47:01"}
{"level":"error","message":"Redis error: read ECONNRESET","timestamp":"2026-04-29 21:23:23"}
{"level":"error","message":"Redis error: read ECONNRESET","timestamp":"2026-04-29 22:01:14"}
{"level":"error","message":"Redis error: read ECONNRESET","timestamp":"2026-04-30 21:54:00"}
{"level":"error","message":"Redis error: getaddrinfo ENOTFOUND redis-11643.c261.us-east-1-4.ec2.cloud.redislabs.com","timestamp":"2026-04-30 21:54:00"}
{"level":"error","message":"Redis error: getaddrinfo ENOTFOUND redis-11643.c261.us-east-1-4.ec2.cloud.redislabs.com","timestamp":"2026-04-30 21:54:03"}
{"level":"error","message":"Redis error: getaddrinfo ENOTFOUND redis-11643.c261.us-east-1-4.ec2.cloud.redislabs.com","timestamp":"2026-04-30 21:54:04"}
{"level":"error","message":"Redis error: getaddrinfo ENOTFOUND redis-11643.c261.us-east-1-4.ec2.cloud.redislabs.com","timestamp":"2026-04-30 21:54:04"}
{"level":"error","message":"Redis error: getaddrinfo ENOTFOUND redis-11643.c261.us-east-1-4.ec2.cloud.redislabs.com","timestamp":"2026-04-30 21:54:04"}
{"level":"error","message":"Redis error: getaddrinfo ENOTFOUND redis-11643.c261.us-east-1-4.ec2.cloud.redislabs.com","timestamp":"2026-04-30 21:54:04"}
{"level":"error","message":"Redis error: getaddrinfo ENOTFOUND redis-11643.c261.us-east-1-4.ec2.cloud.redislabs.com","timestamp":"2026-04-30 21:54:05"}
{"level":"error","message":"Redis error: getaddrinfo ENOTFOUND redis-11643.c261.us-east-1-4.ec2.cloud.redislabs.com","timestamp":"2026-04-30 21:54:05"}
{"level":"error","message":"Redis error: getaddrinfo ENOTFOUND redis-11643.c261.us-east-1-4.ec2.cloud.redislabs.com","timestamp":"2026-04-30 21:54:05"}
{"level":"error","message":"Redis error: getaddrinfo ENOTFOUND redis-11643.c261.us-east-1-4.ec2.cloud.redislabs.com","timestamp":"2026-04-30 21:54:06"}
{"level":"error","message":"Redis error: read ECONNRESET","timestamp":"2026-04-30 22:26:07"}
{"level":"error","message":"Redis error: getaddrinfo ENOTFOUND redis-11643.c261.us-east-1-4.ec2.cloud.redislabs.com","timestamp":"2026-04-30 22:26:10"}
{"level":"error","message":"Redis error: getaddrinfo ENOTFOUND redis-11643.c261.us-east-1-4.ec2.cloud.redislabs.com","timestamp":"2026-04-30 22:26:10"}
{"level":"error","message":"Redis error: getaddrinfo ENOTFOUND redis-11643.c261.us-east-1-4.ec2.cloud.redislabs.com","timestamp":"2026-04-30 22:26:10"}
{"level":"error","message":"Redis error: getaddrinfo ENOTFOUND redis-11643.c261.us-east-1-4.ec2.cloud.redislabs.com","timestamp":"2026-04-30 22:26:10"}
{"level":"error","message":"Redis error: getaddrinfo ENOTFOUND redis-11643.c261.us-east-1-4.ec2.cloud.redislabs.com","timestamp":"2026-04-30 22:26:11"}
{"level":"error","message":"Redis error: getaddrinfo ENOTFOUND redis-11643.c261.us-east-1-4.ec2.cloud.redislabs.com","timestamp":"2026-04-30 22:26:11"}
{"level":"error","message":"Redis error: getaddrinfo ENOTFOUND redis-11643.c261.us-east-1-4.ec2.cloud.redislabs.com","timestamp":"2026-04-30 22:26:11"}
{"level":"error","message":"Redis error: getaddrinfo ENOTFOUND redis-11643.c261.us-east-1-4.ec2.cloud.redislabs.com","timestamp":"2026-04-30 22:26:12"}
{"level":"error","message":"Redis error: getaddrinfo ENOTFOUND redis-11643.c261.us-east-1-4.ec2.cloud.redislabs.com","timestamp":"2026-04-30 22:26:24"}
{"level":"error","message":"Redis error: read ECONNRESET","timestamp":"2026-04-30 22:35:28"}
{"level":"error","message":"Redis error: read ECONNRESET","timestamp":"2026-04-30 23:53:09"}
{"level":"error","message":"Redis error: read ECONNRESET","timestamp":"2026-05-01 14:58:44"}
{"level":"error","message":"Redis error: read ECONNRESET","timestamp":"2026-05-01 15:51:10"}
{"level":"error","message":"Redis error: read ECONNRESET","timestamp":"2026-05-03 15:18:56"}
{"level":"error","message":"Redis error: getaddrinfo ENOTFOUND redis-11643.c261.us-east-1-4.ec2.cloud.redislabs.com","timestamp":"2026-05-03 15:18:57"}
{"level":"error","message":"Redis error: getaddrinfo ENOTFOUND redis-11643.c261.us-east-1-4.ec2.cloud.redislabs.com","timestamp":"2026-05-03 15:18:57"}
{"level":"error","message":"Redis error: getaddrinfo ENOTFOUND redis-11643.c261.us-east-1-4.ec2.cloud.redislabs.com","timestamp":"2026-05-03 15:18:58"}
{"level":"error","message":"Redis error: getaddrinfo ENOTFOUND redis-11643.c261.us-east-1-4.ec2.cloud.redislabs.com","timestamp":"2026-05-03 15:18:58"}
{"level":"error","message":"Redis error: read ECONNRESET","timestamp":"2026-05-03 15:47:08"}
{"level":"error","message":"Redis error: read ECONNRESET","timestamp":"2026-05-03 16:23:39"}
{"level":"error","message":"Redis error: read ECONNRESET","timestamp":"2026-05-03 16:41:56"}
{"level":"error","message":"Redis error: read ECONNRESET","timestamp":"2026-05-04 06:45:01"}
{"level":"error","message":"Redis error: read ECONNRESET","timestamp":"2026-05-04 07:03:50"}
{"level":"error","message":"Redis error: read ECONNRESET","timestamp":"2026-05-04 10:21:50"}
{"level":"error","message":"Redis error: read ECONNRESET","timestamp":"2026-05-04 11:21:08"}
{"level":"error","message":"Redis error: read ECONNRESET","timestamp":"2026-05-05 20:56:40"}
{"level":"error","message":"Redis error: getaddrinfo ENOTFOUND redis-11643.c261.us-east-1-4.ec2.cloud.redislabs.com","timestamp":"2026-05-05 20:56:40"}
{"level":"error","message":"Redis error: getaddrinfo ENOTFOUND redis-11643.c261.us-east-1-4.ec2.cloud.redislabs.com","timestamp":"2026-05-05 20:56:41"}
{"level":"error","message":"Redis error: getaddrinfo ENOTFOUND redis-11643.c261.us-east-1-4.ec2.cloud.redislabs.com","timestamp":"2026-05-05 20:56:41"}
{"level":"error","message":"Redis error: getaddrinfo ENOTFOUND redis-11643.c261.us-east-1-4.ec2.cloud.redislabs.com","timestamp":"2026-05-05 20:56:41"}
{"level":"error","message":"Redis error: getaddrinfo ENOTFOUND redis-11643.c261.us-east-1-4.ec2.cloud.redislabs.com","timestamp":"2026-05-05 20:56:42"}
{"level":"error","message":"Redis error: getaddrinfo ENOTFOUND redis-11643.c261.us-east-1-4.ec2.cloud.redislabs.com","timestamp":"2026-05-05 20:56:42"}
{"level":"error","message":"Redis error: getaddrinfo ENOTFOUND redis-11643.c261.us-east-1-4.ec2.cloud.redislabs.com","timestamp":"2026-05-05 20:56:43"}
{"level":"error","message":"Redis error: read ECONNRESET","timestamp":"2026-05-05 22:58:44"}
{"level":"error","message":"Redis error: read ECONNRESET","timestamp":"2026-05-06 19:58:35"}
{"level":"error","message":"Redis error: read ECONNRESET","timestamp":"2026-05-06 20:32:33"}
{"level":"error","message":"Redis error: read ECONNRESET","timestamp":"2026-05-06 21:06:09"}
{"level":"error","message":"Cast to ObjectId failed for value \"enquiries\" (type string) at path \"_id\" for model \"Booking\" — GET /api/bookings/enquiries","timestamp":"2026-05-06 21:39:21"}
{"level":"error","message":"Cast to ObjectId failed for value \"enquiries\" (type string) at path \"_id\" for model \"Booking\" — GET /api/bookings/enquiries","timestamp":"2026-05-06 21:39:22"}
{"level":"error","message":"Cast to ObjectId failed for value \"enquiries\" (type string) at path \"_id\" for model \"Booking\" — GET /api/bookings/enquiries?status=pending","timestamp":"2026-05-06 21:39:25"}
{"level":"error","message":"Cast to ObjectId failed for value \"enquiries\" (type string) at path \"_id\" for model \"Booking\" — GET /api/bookings/enquiries","timestamp":"2026-05-06 21:39:27"}
{"level":"error","message":"Cast to ObjectId failed for value \"enquiries\" (type string) at path \"_id\" for model \"Booking\" — GET /api/bookings/enquiries","timestamp":"2026-05-06 21:42:19"}
{"level":"error","message":"Cast to ObjectId failed for value \"enquiries\" (type string) at path \"_id\" for model \"Booking\" — GET /api/bookings/enquiries","timestamp":"2026-05-06 21:42:20"}
{"level":"error","message":"Cast to ObjectId failed for value \"enquiries\" (type string) at path \"_id\" for model \"Booking\" — GET /api/bookings/enquiries","timestamp":"2026-05-06 21:48:22"}
{"level":"error","message":"Cast to ObjectId failed for value \"enquiries\" (type string) at path \"_id\" for model \"Booking\" — GET /api/bookings/enquiries","timestamp":"2026-05-06 21:48:22"}
{"level":"error","message":"Cast to ObjectId failed for value \"enquiries\" (type string) at path \"_id\" for model \"Booking\" — GET /api/bookings/enquiries?status=pending","timestamp":"2026-05-06 21:48:24"}
{"level":"error","message":"Cast to ObjectId failed for value \"enquiries\" (type string) at path \"_id\" for model \"Booking\" — GET /api/bookings/enquiries?status=under_review","timestamp":"2026-05-06 21:48:24"}
{"level":"error","message":"Cast to ObjectId failed for value \"enquiries\" (type string) at path \"_id\" for model \"Booking\" — GET /api/bookings/enquiries?status=responded","timestamp":"2026-05-06 21:48:25"}
{"level":"error","message":"Cast to ObjectId failed for value \"enquiries\" (type string) at path \"_id\" for model \"Booking\" — GET /api/bookings/enquiries?status=closed","timestamp":"2026-05-06 21:48:26"}
{"level":"error","message":"Cast to ObjectId failed for value \"enquiries\" (type string) at path \"_id\" for model \"Booking\" — GET /api/bookings/enquiries","timestamp":"2026-05-06 21:48:27"}
{"level":"error","message":"Redis error: read ECONNRESET","timestamp":"2026-05-06 23:37:19"}
{"level":"error","message":"Redis error: read ECONNRESET","timestamp":"2026-05-07 17:26:52"}
{"level":"error","message":"Redis error: read ECONNRESET","timestamp":"2026-05-07 18:37:49"}
{"level":"error","message":"Redis error: read ECONNRESET","timestamp":"2026-05-07 19:52:04"}
{"level":"error","message":"Redis error: read ECONNRESET","timestamp":"2026-05-07 20:00:46"}
{"level":"error","message":"Redis error: read ECONNRESET","timestamp":"2026-05-07 20:38:53"}
{"level":"error","message":"Redis error: read ECONNRESET","timestamp":"2026-05-07 20:57:02"}
{"level":"error","message":"Redis error: read ECONNRESET","timestamp":"2026-05-07 21:11:22"}
